-------------------------------------------------------------------------------
Test set: TestSuite
-------------------------------------------------------------------------------
Tests run: 1, Failures: 1, Errors: 0, Skipped: 0, Time elapsed: 2.698 s <<< FAILURE! - in TestSuite
Request(api.SwaggerTestNG.API)  Time elapsed: 2.195 s  <<< FAILURE!
java.lang.AssertionError: 
1 expectation failed.
Expected status code <200> but was <404>.

	at api.SwaggerTestNG.API.Request(API.java:47)

